<?xml version="1.0" encoding="UTF-8"?>
<testsuite xmlns:xsi="http://www.w3.org/2001/XMLSchema-instance" xsi:noNamespaceSchemaLocation="https://maven.apache.org/surefire/maven-surefire-plugin/xsd/surefire-test-report.xsd" name="TestCientServer" time="0.004" tests="0" errors="0" skipped="0" failures="0">
  <properties>
    <property name="gopherProxySet" value="false"/>
    <property name="awt.toolkit" value="sun.lwawt.macosx.LWCToolkit"/>
    <property name="socksProxyHost" value="127.0.0.1"/>
    <property name="http.proxyHost" value="127.0.0.1"/>
    <property name="java.specification.version" value="1.8"/>
    <property name="file.encoding.pkg" value="sun.io"/>
    <property name="sun.cpu.isalist" value=""/>
    <property name="sun.jnu.encoding" value="UTF-8"/>
    <property name="java.class.path" value="/Users/awesome/Documents/working/code/new_im_cloud/imcloud/im-tcp-gateway/target/test-classes:/Users/awesome/Documents/working/code/new_im_cloud/imcloud/im-tcp-gateway/target/classes:/Users/awesome/Documents/back_rep/repository/io/netty/netty-all/4.1.40.Final/netty-all-4.1.40.Final.jar:/Users/awesome/Documents/back_rep/repository/org/projectlombok/lombok/1.18.6/lombok-1.18.6.jar:/Users/awesome/Documents/back_rep/repository/cn/hutool/hutool-all/5.0.4/hutool-all-5.0.4.jar:/Users/awesome/Documents/back_rep/repository/org/apache/curator/curator-recipes/2.7.0/curator-recipes-2.7.0.jar:/Users/awesome/Documents/back_rep/repository/org/apache/curator/curator-framework/4.0.1/curator-framework-4.0.1.jar:/Users/awesome/Documents/back_rep/repository/org/apache/curator/curator-client/4.0.1/curator-client-4.0.1.jar:/Users/awesome/Documents/back_rep/repository/org/apache/zookeeper/zookeeper/3.4.6/zookeeper-3.4.6.jar:/Users/awesome/Documents/back_rep/repository/jline/jline/0.9.94/jline-0.9.94.jar:/Users/awesome/Documents/back_rep/repository/com/google/guava/guava/16.0.1/guava-16.0.1.jar:/Users/awesome/Documents/back_rep/repository/org/apache/curator/curator-test/2.7.0/curator-test-2.7.0.jar:/Users/awesome/Documents/back_rep/repository/org/javassist/javassist/3.18.1-GA/javassist-3.18.1-GA.jar:/Users/awesome/Documents/back_rep/repository/org/apache/commons/commons-math/2.2/commons-math-2.2.jar:/Users/awesome/Documents/back_rep/repository/org/apache/curator/curator-x-discovery/2.7.0/curator-x-discovery-2.7.0.jar:/Users/awesome/Documents/back_rep/repository/org/codehaus/jackson/jackson-mapper-asl/1.9.13/jackson-mapper-asl-1.9.13.jar:/Users/awesome/Documents/back_rep/repository/org/codehaus/jackson/jackson-core-asl/1.9.13/jackson-core-asl-1.9.13.jar:/Users/awesome/Documents/back_rep/repository/com/fasterxml/jackson/core/jackson-databind/2.9.2/jackson-databind-2.9.2.jar:/Users/awesome/Documents/back_rep/repository/com/fasterxml/jackson/core/jackson-annotations/2.9.0/jackson-annotations-2.9.0.jar:/Users/awesome/Documents/back_rep/repository/com/fasterxml/jackson/core/jackson-core/2.9.8/jackson-core-2.9.8.jar:/Users/awesome/Documents/back_rep/repository/com/awesome/cloud/im/im-protocol/1.0-SNAPSHOT/im-protocol-1.0-SNAPSHOT.jar:/Users/awesome/Documents/back_rep/repository/com/google/protobuf/protobuf-java/3.3.0/protobuf-java-3.3.0.jar:/Users/awesome/Documents/back_rep/repository/com/awesome/cloud/im/im-common/1.0-SNAPSHOT/im-common-1.0-SNAPSHOT.jar:/Users/awesome/Documents/back_rep/repository/org/springframework/boot/spring-boot-starter-actuator/2.1.4.RELEASE/spring-boot-starter-actuator-2.1.4.RELEASE.jar:/Users/awesome/Documents/back_rep/repository/org/springframework/boot/spring-boot-starter/2.1.4.RELEASE/spring-boot-starter-2.1.4.RELEASE.jar:/Users/awesome/Documents/back_rep/repository/org/springframework/boot/spring-boot/2.1.4.RELEASE/spring-boot-2.1.4.RELEASE.jar:/Users/awesome/Documents/back_rep/repository/org/springframework/boot/spring-boot-autoconfigure/2.1.4.RELEASE/spring-boot-autoconfigure-2.1.4.RELEASE.jar:/Users/awesome/Documents/back_rep/repository/org/springframework/boot/spring-boot-starter-logging/2.1.4.RELEASE/spring-boot-starter-logging-2.1.4.RELEASE.jar:/Users/awesome/Documents/back_rep/repository/ch/qos/logback/logback-classic/1.2.3/logback-classic-1.2.3.jar:/Users/awesome/Documents/back_rep/repository/ch/qos/logback/logback-core/1.2.3/logback-core-1.2.3.jar:/Users/awesome/Documents/back_rep/repository/org/apache/logging/log4j/log4j-to-slf4j/2.11.2/log4j-to-slf4j-2.11.2.jar:/Users/awesome/Documents/back_rep/repository/org/apache/logging/log4j/log4j-api/2.11.2/log4j-api-2.11.2.jar:/Users/awesome/Documents/back_rep/repository/org/slf4j/jul-to-slf4j/1.7.26/jul-to-slf4j-1.7.26.jar:/Users/awesome/Documents/back_rep/repository/javax/annotation/javax.annotation-api/1.3.2/javax.annotation-api-1.3.2.jar:/Users/awesome/Documents/back_rep/repository/org/springframework/spring-core/5.1.6.RELEASE/spring-core-5.1.6.RELEASE.jar:/Users/awesome/Documents/back_rep/repository/org/springframework/spring-jcl/5.1.6.RELEASE/spring-jcl-5.1.6.RELEASE.jar:/Users/awesome/Documents/back_rep/repository/org/yaml/snakeyaml/1.23/snakeyaml-1.23.jar:/Users/awesome/Documents/back_rep/repository/org/springframework/boot/spring-boot-actuator-autoconfigure/2.1.4.RELEASE/spring-boot-actuator-autoconfigure-2.1.4.RELEASE.jar:/Users/awesome/Documents/back_rep/repository/org/springframework/boot/spring-boot-actuator/2.1.4.RELEASE/spring-boot-actuator-2.1.4.RELEASE.jar:/Users/awesome/Documents/back_rep/repository/org/springframework/spring-context/5.1.6.RELEASE/spring-context-5.1.6.RELEASE.jar:/Users/awesome/Documents/back_rep/repository/com/fasterxml/jackson/datatype/jackson-datatype-jsr310/2.9.8/jackson-datatype-jsr310-2.9.8.jar:/Users/awesome/Documents/back_rep/repository/io/micrometer/micrometer-core/1.1.4/micrometer-core-1.1.4.jar:/Users/awesome/Documents/back_rep/repository/org/hdrhistogram/HdrHistogram/2.1.9/HdrHistogram-2.1.9.jar:/Users/awesome/Documents/back_rep/repository/org/latencyutils/LatencyUtils/2.0.3/LatencyUtils-2.0.3.jar:/Users/awesome/Documents/back_rep/repository/org/springframework/boot/spring-boot-starter-web/2.1.4.RELEASE/spring-boot-starter-web-2.1.4.RELEASE.jar:/Users/awesome/Documents/back_rep/repository/org/springframework/boot/spring-boot-starter-json/2.1.4.RELEASE/spring-boot-starter-json-2.1.4.RELEASE.jar:/Users/awesome/Documents/back_rep/repository/com/fasterxml/jackson/datatype/jackson-datatype-jdk8/2.9.8/jackson-datatype-jdk8-2.9.8.jar:/Users/awesome/Documents/back_rep/repository/com/fasterxml/jackson/module/jackson-module-parameter-names/2.9.8/jackson-module-parameter-names-2.9.8.jar:/Users/awesome/Documents/back_rep/repository/org/springframework/boot/spring-boot-starter-tomcat/2.1.4.RELEASE/spring-boot-starter-tomcat-2.1.4.RELEASE.jar:/Users/awesome/Documents/back_rep/repository/org/apache/tomcat/embed/tomcat-embed-core/9.0.17/tomcat-embed-core-9.0.17.jar:/Users/awesome/Documents/back_rep/repository/org/apache/tomcat/embed/tomcat-embed-el/9.0.17/tomcat-embed-el-9.0.17.jar:/Users/awesome/Documents/back_rep/repository/org/apache/tomcat/embed/tomcat-embed-websocket/9.0.17/tomcat-embed-websocket-9.0.17.jar:/Users/awesome/Documents/back_rep/repository/org/hibernate/validator/hibernate-validator/6.0.16.Final/hibernate-validator-6.0.16.Final.jar:/Users/awesome/Documents/back_rep/repository/javax/validation/validation-api/2.0.1.Final/validation-api-2.0.1.Final.jar:/Users/awesome/Documents/back_rep/repository/org/jboss/logging/jboss-logging/3.3.2.Final/jboss-logging-3.3.2.Final.jar:/Users/awesome/Documents/back_rep/repository/com/fasterxml/classmate/1.4.0/classmate-1.4.0.jar:/Users/awesome/Documents/back_rep/repository/org/springframework/spring-web/5.1.6.RELEASE/spring-web-5.1.6.RELEASE.jar:/Users/awesome/Documents/back_rep/repository/org/springframework/spring-beans/5.1.6.RELEASE/spring-beans-5.1.6.RELEASE.jar:/Users/awesome/Documents/back_rep/repository/org/springframework/spring-webmvc/5.1.6.RELEASE/spring-webmvc-5.1.6.RELEASE.jar:/Users/awesome/Documents/back_rep/repository/org/springframework/spring-aop/5.1.6.RELEASE/spring-aop-5.1.6.RELEASE.jar:/Users/awesome/Documents/back_rep/repository/org/springframework/spring-expression/5.1.6.RELEASE/spring-expression-5.1.6.RELEASE.jar:/Users/awesome/Documents/back_rep/repository/com/alibaba/cloud/spring-cloud-starter-alibaba-nacos-config/2.1.1.RELEASE/spring-cloud-starter-alibaba-nacos-config-2.1.1.RELEASE.jar:/Users/awesome/Documents/back_rep/repository/com/alibaba/cloud/spring-cloud-alibaba-nacos-config/2.1.1.RELEASE/spring-cloud-alibaba-nacos-config-2.1.1.RELEASE.jar:/Users/awesome/Documents/back_rep/repository/com/alibaba/nacos/nacos-client/1.1.4/nacos-client-1.1.4.jar:/Users/awesome/Documents/back_rep/repository/com/alibaba/nacos/nacos-common/1.1.4/nacos-common-1.1.4.jar:/Users/awesome/Documents/back_rep/repository/commons-io/commons-io/2.2/commons-io-2.2.jar:/Users/awesome/Documents/back_rep/repository/org/apache/commons/commons-lang3/3.8.1/commons-lang3-3.8.1.jar:/Users/awesome/Documents/back_rep/repository/com/alibaba/nacos/nacos-api/1.1.4/nacos-api-1.1.4.jar:/Users/awesome/Documents/back_rep/repository/com/alibaba/fastjson/1.2.58/fastjson-1.2.58.jar:/Users/awesome/Documents/back_rep/repository/commons-codec/commons-codec/1.11/commons-codec-1.11.jar:/Users/awesome/Documents/back_rep/repository/io/prometheus/simpleclient/0.5.0/simpleclient-0.5.0.jar:/Users/awesome/Documents/back_rep/repository/org/springframework/cloud/spring-cloud-commons/2.1.1.RELEASE/spring-cloud-commons-2.1.1.RELEASE.jar:/Users/awesome/Documents/back_rep/repository/org/springframework/security/spring-security-crypto/5.1.5.RELEASE/spring-security-crypto-5.1.5.RELEASE.jar:/Users/awesome/Documents/back_rep/repository/org/springframework/cloud/spring-cloud-context/2.1.1.RELEASE/spring-cloud-context-2.1.1.RELEASE.jar:/Users/awesome/Documents/back_rep/repository/com/alibaba/cloud/spring-cloud-starter-alibaba-nacos-discovery/2.1.1.RELEASE/spring-cloud-starter-alibaba-nacos-discovery-2.1.1.RELEASE.jar:/Users/awesome/Documents/back_rep/repository/com/alibaba/cloud/spring-cloud-alibaba-nacos-discovery/2.1.1.RELEASE/spring-cloud-alibaba-nacos-discovery-2.1.1.RELEASE.jar:/Users/awesome/Documents/back_rep/repository/org/springframework/cloud/spring-cloud-starter-netflix-ribbon/2.1.1.RELEASE/spring-cloud-starter-netflix-ribbon-2.1.1.RELEASE.jar:/Users/awesome/Documents/back_rep/repository/org/springframework/cloud/spring-cloud-starter/2.1.1.RELEASE/spring-cloud-starter-2.1.1.RELEASE.jar:/Users/awesome/Documents/back_rep/repository/org/springframework/security/spring-security-rsa/1.0.7.RELEASE/spring-security-rsa-1.0.7.RELEASE.jar:/Users/awesome/Documents/back_rep/repository/org/bouncycastle/bcpkix-jdk15on/1.60/bcpkix-jdk15on-1.60.jar:/Users/awesome/Documents/back_rep/repository/org/bouncycastle/bcprov-jdk15on/1.60/bcprov-jdk15on-1.60.jar:/Users/awesome/Documents/back_rep/repository/org/springframework/cloud/spring-cloud-netflix-ribbon/2.1.1.RELEASE/spring-cloud-netflix-ribbon-2.1.1.RELEASE.jar:/Users/awesome/Documents/back_rep/repository/org/springframework/cloud/spring-cloud-netflix-archaius/2.1.1.RELEASE/spring-cloud-netflix-archaius-2.1.1.RELEASE.jar:/Users/awesome/Documents/back_rep/repository/org/springframework/cloud/spring-cloud-starter-netflix-archaius/2.1.1.RELEASE/spring-cloud-starter-netflix-archaius-2.1.1.RELEASE.jar:/Users/awesome/Documents/back_rep/repository/com/netflix/archaius/archaius-core/0.7.6/archaius-core-0.7.6.jar:/Users/awesome/Documents/back_rep/repository/com/google/code/findbugs/jsr305/3.0.1/jsr305-3.0.1.jar:/Users/awesome/Documents/back_rep/repository/commons-configuration/commons-configuration/1.8/commons-configuration-1.8.jar:/Users/awesome/Documents/back_rep/repository/com/netflix/ribbon/ribbon/2.3.0/ribbon-2.3.0.jar:/Users/awesome/Documents/back_rep/repository/com/netflix/ribbon/ribbon-transport/2.3.0/ribbon-transport-2.3.0.jar:/Users/awesome/Documents/back_rep/repository/io/reactivex/rxnetty-contexts/0.4.9/rxnetty-contexts-0.4.9.jar:/Users/awesome/Documents/back_rep/repository/io/reactivex/rxnetty-servo/0.4.9/rxnetty-servo-0.4.9.jar:/Users/awesome/Documents/back_rep/repository/com/netflix/hystrix/hystrix-core/1.5.18/hystrix-core-1.5.18.jar:/Users/awesome/Documents/back_rep/repository/javax/inject/javax.inject/1/javax.inject-1.jar:/Users/awesome/Documents/back_rep/repository/io/reactivex/rxnetty/0.4.9/rxnetty-0.4.9.jar:/Users/awesome/Documents/back_rep/repository/com/netflix/ribbon/ribbon-core/2.3.0/ribbon-core-2.3.0.jar:/Users/awesome/Documents/back_rep/repository/commons-lang/commons-lang/2.6/commons-lang-2.6.jar:/Users/awesome/Documents/back_rep/repository/com/netflix/ribbon/ribbon-httpclient/2.3.0/ribbon-httpclient-2.3.0.jar:/Users/awesome/Documents/back_rep/repository/commons-collections/commons-collections/3.2.2/commons-collections-3.2.2.jar:/Users/awesome/Documents/back_rep/repository/org/apache/httpcomponents/httpclient/4.5.8/httpclient-4.5.8.jar:/Users/awesome/Documents/back_rep/repository/org/apache/httpcomponents/httpcore/4.4.11/httpcore-4.4.11.jar:/Users/awesome/Documents/back_rep/repository/com/sun/jersey/jersey-client/1.19.1/jersey-client-1.19.1.jar:/Users/awesome/Documents/back_rep/repository/com/sun/jersey/jersey-core/1.19.1/jersey-core-1.19.1.jar:/Users/awesome/Documents/back_rep/repository/javax/ws/rs/jsr311-api/1.1.1/jsr311-api-1.1.1.jar:/Users/awesome/Documents/back_rep/repository/com/sun/jersey/contribs/jersey-apache-client4/1.19.1/jersey-apache-client4-1.19.1.jar:/Users/awesome/Documents/back_rep/repository/com/netflix/servo/servo-core/0.12.21/servo-core-0.12.21.jar:/Users/awesome/Documents/back_rep/repository/com/netflix/netflix-commons/netflix-commons-util/0.3.0/netflix-commons-util-0.3.0.jar:/Users/awesome/Documents/back_rep/repository/com/netflix/ribbon/ribbon-loadbalancer/2.3.0/ribbon-loadbalancer-2.3.0.jar:/Users/awesome/Documents/back_rep/repository/com/netflix/netflix-commons/netflix-statistics/0.1.1/netflix-statistics-0.1.1.jar:/Users/awesome/Documents/back_rep/repository/io/reactivex/rxjava/1.3.8/rxjava-1.3.8.jar:/Users/awesome/Documents/back_rep/repository/redis/clients/jedis/2.9.3/jedis-2.9.3.jar:/Users/awesome/Documents/back_rep/repository/org/slf4j/slf4j-api/1.7.26/slf4j-api-1.7.26.jar:/Users/awesome/Documents/back_rep/repository/org/apache/commons/commons-pool2/2.6.1/commons-pool2-2.6.1.jar:"/>
    <property name="https.proxyPort" value="1087"/>
    <property name="java.vm.vendor" value="Oracle Corporation"/>
    <property name="sun.arch.data.model" value="64"/>
    <property name="java.vendor.url" value="http://java.oracle.com/"/>
    <property name="user.timezone" value=""/>
    <property name="java.vm.specification.version" value="1.8"/>
    <property name="os.name" value="Mac OS X"/>
    <property name="user.country" value="CN"/>
    <property name="sun.java.launcher" value="SUN_STANDARD"/>
    <property name="sun.boot.library.path" value="/Library/Java/JavaVirtualMachines/jdk1.8.0_171.jdk/Contents/Home/jre/lib"/>
    <property name="sun.java.command" value="/Users/awesome/Documents/working/code/new_im_cloud/imcloud/im-tcp-gateway/target/surefire/surefirebooter6688797362078436923.jar /Users/awesome/Documents/working/code/new_im_cloud/imcloud/im-tcp-gateway/target/surefire 2019-12-15T20-26-54_132-jvmRun1 surefire5109880775478075657tmp surefire_03772067031713977144tmp"/>
    <property name="http.nonProxyHosts" value="127.0.0.1|localhost|*.localhost"/>
    <property name="surefire.test.class.path" value="/Users/awesome/Documents/working/code/new_im_cloud/imcloud/im-tcp-gateway/target/test-classes:/Users/awesome/Documents/working/code/new_im_cloud/imcloud/im-tcp-gateway/target/classes:/Users/awesome/Documents/back_rep/repository/io/netty/netty-all/4.1.40.Final/netty-all-4.1.40.Final.jar:/Users/awesome/Documents/back_rep/repository/org/projectlombok/lombok/1.18.6/lombok-1.18.6.jar:/Users/awesome/Documents/back_rep/repository/cn/hutool/hutool-all/5.0.4/hutool-all-5.0.4.jar:/Users/awesome/Documents/back_rep/repository/org/apache/curator/curator-recipes/2.7.0/curator-recipes-2.7.0.jar:/Users/awesome/Documents/back_rep/repository/org/apache/curator/curator-framework/4.0.1/curator-framework-4.0.1.jar:/Users/awesome/Documents/back_rep/repository/org/apache/curator/curator-client/4.0.1/curator-client-4.0.1.jar:/Users/awesome/Documents/back_rep/repository/org/apache/zookeeper/zookeeper/3.4.6/zookeeper-3.4.6.jar:/Users/awesome/Documents/back_rep/repository/jline/jline/0.9.94/jline-0.9.94.jar:/Users/awesome/Documents/back_rep/repository/com/google/guava/guava/16.0.1/guava-16.0.1.jar:/Users/awesome/Documents/back_rep/repository/org/apache/curator/curator-test/2.7.0/curator-test-2.7.0.jar:/Users/awesome/Documents/back_rep/repository/org/javassist/javassist/3.18.1-GA/javassist-3.18.1-GA.jar:/Users/awesome/Documents/back_rep/repository/org/apache/commons/commons-math/2.2/commons-math-2.2.jar:/Users/awesome/Documents/back_rep/repository/org/apache/curator/curator-x-discovery/2.7.0/curator-x-discovery-2.7.0.jar:/Users/awesome/Documents/back_rep/repository/org/codehaus/jackson/jackson-mapper-asl/1.9.13/jackson-mapper-asl-1.9.13.jar:/Users/awesome/Documents/back_rep/repository/org/codehaus/jackson/jackson-core-asl/1.9.13/jackson-core-asl-1.9.13.jar:/Users/awesome/Documents/back_rep/repository/com/fasterxml/jackson/core/jackson-databind/2.9.2/jackson-databind-2.9.2.jar:/Users/awesome/Documents/back_rep/repository/com/fasterxml/jackson/core/jackson-annotations/2.9.0/jackson-annotations-2.9.0.jar:/Users/awesome/Documents/back_rep/repository/com/fasterxml/jackson/core/jackson-core/2.9.8/jackson-core-2.9.8.jar:/Users/awesome/Documents/back_rep/repository/com/awesome/cloud/im/im-protocol/1.0-SNAPSHOT/im-protocol-1.0-SNAPSHOT.jar:/Users/awesome/Documents/back_rep/repository/com/google/protobuf/protobuf-java/3.3.0/protobuf-java-3.3.0.jar:/Users/awesome/Documents/back_rep/repository/com/awesome/cloud/im/im-common/1.0-SNAPSHOT/im-common-1.0-SNAPSHOT.jar:/Users/awesome/Documents/back_rep/repository/org/springframework/boot/spring-boot-starter-actuator/2.1.4.RELEASE/spring-boot-starter-actuator-2.1.4.RELEASE.jar:/Users/awesome/Documents/back_rep/repository/org/springframework/boot/spring-boot-starter/2.1.4.RELEASE/spring-boot-starter-2.1.4.RELEASE.jar:/Users/awesome/Documents/back_rep/repository/org/springframework/boot/spring-boot/2.1.4.RELEASE/spring-boot-2.1.4.RELEASE.jar:/Users/awesome/Documents/back_rep/repository/org/springframework/boot/spring-boot-autoconfigure/2.1.4.RELEASE/spring-boot-autoconfigure-2.1.4.RELEASE.jar:/Users/awesome/Documents/back_rep/repository/org/springframework/boot/spring-boot-starter-logging/2.1.4.RELEASE/spring-boot-starter-logging-2.1.4.RELEASE.jar:/Users/awesome/Documents/back_rep/repository/ch/qos/logback/logback-classic/1.2.3/logback-classic-1.2.3.jar:/Users/awesome/Documents/back_rep/repository/ch/qos/logback/logback-core/1.2.3/logback-core-1.2.3.jar:/Users/awesome/Documents/back_rep/repository/org/apache/logging/log4j/log4j-to-slf4j/2.11.2/log4j-to-slf4j-2.11.2.jar:/Users/awesome/Documents/back_rep/repository/org/apache/logging/log4j/log4j-api/2.11.2/log4j-api-2.11.2.jar:/Users/awesome/Documents/back_rep/repository/org/slf4j/jul-to-slf4j/1.7.26/jul-to-slf4j-1.7.26.jar:/Users/awesome/Documents/back_rep/repository/javax/annotation/javax.annotation-api/1.3.2/javax.annotation-api-1.3.2.jar:/Users/awesome/Documents/back_rep/repository/org/springframework/spring-core/5.1.6.RELEASE/spring-core-5.1.6.RELEASE.jar:/Users/awesome/Documents/back_rep/repository/org/springframework/spring-jcl/5.1.6.RELEASE/spring-jcl-5.1.6.RELEASE.jar:/Users/awesome/Documents/back_rep/repository/org/yaml/snakeyaml/1.23/snakeyaml-1.23.jar:/Users/awesome/Documents/back_rep/repository/org/springframework/boot/spring-boot-actuator-autoconfigure/2.1.4.RELEASE/spring-boot-actuator-autoconfigure-2.1.4.RELEASE.jar:/Users/awesome/Documents/back_rep/repository/org/springframework/boot/spring-boot-actuator/2.1.4.RELEASE/spring-boot-actuator-2.1.4.RELEASE.jar:/Users/awesome/Documents/back_rep/repository/org/springframework/spring-context/5.1.6.RELEASE/spring-context-5.1.6.RELEASE.jar:/Users/awesome/Documents/back_rep/repository/com/fasterxml/jackson/datatype/jackson-datatype-jsr310/2.9.8/jackson-datatype-jsr310-2.9.8.jar:/Users/awesome/Documents/back_rep/repository/io/micrometer/micrometer-core/1.1.4/micrometer-core-1.1.4.jar:/Users/awesome/Documents/back_rep/repository/org/hdrhistogram/HdrHistogram/2.1.9/HdrHistogram-2.1.9.jar:/Users/awesome/Documents/back_rep/repository/org/latencyutils/LatencyUtils/2.0.3/LatencyUtils-2.0.3.jar:/Users/awesome/Documents/back_rep/repository/org/springframework/boot/spring-boot-starter-web/2.1.4.RELEASE/spring-boot-starter-web-2.1.4.RELEASE.jar:/Users/awesome/Documents/back_rep/repository/org/springframework/boot/spring-boot-starter-json/2.1.4.RELEASE/spring-boot-starter-json-2.1.4.RELEASE.jar:/Users/awesome/Documents/back_rep/repository/com/fasterxml/jackson/datatype/jackson-datatype-jdk8/2.9.8/jackson-datatype-jdk8-2.9.8.jar:/Users/awesome/Documents/back_rep/repository/com/fasterxml/jackson/module/jackson-module-parameter-names/2.9.8/jackson-module-parameter-names-2.9.8.jar:/Users/awesome/Documents/back_rep/repository/org/springframework/boot/spring-boot-starter-tomcat/2.1.4.RELEASE/spring-boot-starter-tomcat-2.1.4.RELEASE.jar:/Users/awesome/Documents/back_rep/repository/org/apache/tomcat/embed/tomcat-embed-core/9.0.17/tomcat-embed-core-9.0.17.jar:/Users/awesome/Documents/back_rep/repository/org/apache/tomcat/embed/tomcat-embed-el/9.0.17/tomcat-embed-el-9.0.17.jar:/Users/awesome/Documents/back_rep/repository/org/apache/tomcat/embed/tomcat-embed-websocket/9.0.17/tomcat-embed-websocket-9.0.17.jar:/Users/awesome/Documents/back_rep/repository/org/hibernate/validator/hibernate-validator/6.0.16.Final/hibernate-validator-6.0.16.Final.jar:/Users/awesome/Documents/back_rep/repository/javax/validation/validation-api/2.0.1.Final/validation-api-2.0.1.Final.jar:/Users/awesome/Documents/back_rep/repository/org/jboss/logging/jboss-logging/3.3.2.Final/jboss-logging-3.3.2.Final.jar:/Users/awesome/Documents/back_rep/repository/com/fasterxml/classmate/1.4.0/classmate-1.4.0.jar:/Users/awesome/Documents/back_rep/repository/org/springframework/spring-web/5.1.6.RELEASE/spring-web-5.1.6.RELEASE.jar:/Users/awesome/Documents/back_rep/repository/org/springframework/spring-beans/5.1.6.RELEASE/spring-beans-5.1.6.RELEASE.jar:/Users/awesome/Documents/back_rep/repository/org/springframework/spring-webmvc/5.1.6.RELEASE/spring-webmvc-5.1.6.RELEASE.jar:/Users/awesome/Documents/back_rep/repository/org/springframework/spring-aop/5.1.6.RELEASE/spring-aop-5.1.6.RELEASE.jar:/Users/awesome/Documents/back_rep/repository/org/springframework/spring-expression/5.1.6.RELEASE/spring-expression-5.1.6.RELEASE.jar:/Users/awesome/Documents/back_rep/repository/com/alibaba/cloud/spring-cloud-starter-alibaba-nacos-config/2.1.1.RELEASE/spring-cloud-starter-alibaba-nacos-config-2.1.1.RELEASE.jar:/Users/awesome/Documents/back_rep/repository/com/alibaba/cloud/spring-cloud-alibaba-nacos-config/2.1.1.RELEASE/spring-cloud-alibaba-nacos-config-2.1.1.RELEASE.jar:/Users/awesome/Documents/back_rep/repository/com/alibaba/nacos/nacos-client/1.1.4/nacos-client-1.1.4.jar:/Users/awesome/Documents/back_rep/repository/com/alibaba/nacos/nacos-common/1.1.4/nacos-common-1.1.4.jar:/Users/awesome/Documents/back_rep/repository/commons-io/commons-io/2.2/commons-io-2.2.jar:/Users/awesome/Documents/back_rep/repository/org/apache/commons/commons-lang3/3.8.1/commons-lang3-3.8.1.jar:/Users/awesome/Documents/back_rep/repository/com/alibaba/nacos/nacos-api/1.1.4/nacos-api-1.1.4.jar:/Users/awesome/Documents/back_rep/repository/com/alibaba/fastjson/1.2.58/fastjson-1.2.58.jar:/Users/awesome/Documents/back_rep/repository/commons-codec/commons-codec/1.11/commons-codec-1.11.jar:/Users/awesome/Documents/back_rep/repository/io/prometheus/simpleclient/0.5.0/simpleclient-0.5.0.jar:/Users/awesome/Documents/back_rep/repository/org/springframework/cloud/spring-cloud-commons/2.1.1.RELEASE/spring-cloud-commons-2.1.1.RELEASE.jar:/Users/awesome/Documents/back_rep/repository/org/springframework/security/spring-security-crypto/5.1.5.RELEASE/spring-security-crypto-5.1.5.RELEASE.jar:/Users/awesome/Documents/back_rep/repository/org/springframework/cloud/spring-cloud-context/2.1.1.RELEASE/spring-cloud-context-2.1.1.RELEASE.jar:/Users/awesome/Documents/back_rep/repository/com/alibaba/cloud/spring-cloud-starter-alibaba-nacos-discovery/2.1.1.RELEASE/spring-cloud-starter-alibaba-nacos-discovery-2.1.1.RELEASE.jar:/Users/awesome/Documents/back_rep/repository/com/alibaba/cloud/spring-cloud-alibaba-nacos-discovery/2.1.1.RELEASE/spring-cloud-alibaba-nacos-discovery-2.1.1.RELEASE.jar:/Users/awesome/Documents/back_rep/repository/org/springframework/cloud/spring-cloud-starter-netflix-ribbon/2.1.1.RELEASE/spring-cloud-starter-netflix-ribbon-2.1.1.RELEASE.jar:/Users/awesome/Documents/back_rep/repository/org/springframework/cloud/spring-cloud-starter/2.1.1.RELEASE/spring-cloud-starter-2.1.1.RELEASE.jar:/Users/awesome/Documents/back_rep/repository/org/springframework/security/spring-security-rsa/1.0.7.RELEASE/spring-security-rsa-1.0.7.RELEASE.jar:/Users/awesome/Documents/back_rep/repository/org/bouncycastle/bcpkix-jdk15on/1.60/bcpkix-jdk15on-1.60.jar:/Users/awesome/Documents/back_rep/repository/org/bouncycastle/bcprov-jdk15on/1.60/bcprov-jdk15on-1.60.jar:/Users/awesome/Documents/back_rep/repository/org/springframework/cloud/spring-cloud-netflix-ribbon/2.1.1.RELEASE/spring-cloud-netflix-ribbon-2.1.1.RELEASE.jar:/Users/awesome/Documents/back_rep/repository/org/springframework/cloud/spring-cloud-netflix-archaius/2.1.1.RELEASE/spring-cloud-netflix-archaius-2.1.1.RELEASE.jar:/Users/awesome/Documents/back_rep/repository/org/springframework/cloud/spring-cloud-starter-netflix-archaius/2.1.1.RELEASE/spring-cloud-starter-netflix-archaius-2.1.1.RELEASE.jar:/Users/awesome/Documents/back_rep/repository/com/netflix/archaius/archaius-core/0.7.6/archaius-core-0.7.6.jar:/Users/awesome/Documents/back_rep/repository/com/google/code/findbugs/jsr305/3.0.1/jsr305-3.0.1.jar:/Users/awesome/Documents/back_rep/repository/commons-configuration/commons-configuration/1.8/commons-configuration-1.8.jar:/Users/awesome/Documents/back_rep/repository/com/netflix/ribbon/ribbon/2.3.0/ribbon-2.3.0.jar:/Users/awesome/Documents/back_rep/repository/com/netflix/ribbon/ribbon-transport/2.3.0/ribbon-transport-2.3.0.jar:/Users/awesome/Documents/back_rep/repository/io/reactivex/rxnetty-contexts/0.4.9/rxnetty-contexts-0.4.9.jar:/Users/awesome/Documents/back_rep/repository/io/reactivex/rxnetty-servo/0.4.9/rxnetty-servo-0.4.9.jar:/Users/awesome/Documents/back_rep/repository/com/netflix/hystrix/hystrix-core/1.5.18/hystrix-core-1.5.18.jar:/Users/awesome/Documents/back_rep/repository/javax/inject/javax.inject/1/javax.inject-1.jar:/Users/awesome/Documents/back_rep/repository/io/reactivex/rxnetty/0.4.9/rxnetty-0.4.9.jar:/Users/awesome/Documents/back_rep/repository/com/netflix/ribbon/ribbon-core/2.3.0/ribbon-core-2.3.0.jar:/Users/awesome/Documents/back_rep/repository/commons-lang/commons-lang/2.6/commons-lang-2.6.jar:/Users/awesome/Documents/back_rep/repository/com/netflix/ribbon/ribbon-httpclient/2.3.0/ribbon-httpclient-2.3.0.jar:/Users/awesome/Documents/back_rep/repository/commons-collections/commons-collections/3.2.2/commons-collections-3.2.2.jar:/Users/awesome/Documents/back_rep/repository/org/apache/httpcomponents/httpclient/4.5.8/httpclient-4.5.8.jar:/Users/awesome/Documents/back_rep/repository/org/apache/httpcomponents/httpcore/4.4.11/httpcore-4.4.11.jar:/Users/awesome/Documents/back_rep/repository/com/sun/jersey/jersey-client/1.19.1/jersey-client-1.19.1.jar:/Users/awesome/Documents/back_rep/repository/com/sun/jersey/jersey-core/1.19.1/jersey-core-1.19.1.jar:/Users/awesome/Documents/back_rep/repository/javax/ws/rs/jsr311-api/1.1.1/jsr311-api-1.1.1.jar:/Users/awesome/Documents/back_rep/repository/com/sun/jersey/contribs/jersey-apache-client4/1.19.1/jersey-apache-client4-1.19.1.jar:/Users/awesome/Documents/back_rep/repository/com/netflix/servo/servo-core/0.12.21/servo-core-0.12.21.jar:/Users/awesome/Documents/back_rep/repository/com/netflix/netflix-commons/netflix-commons-util/0.3.0/netflix-commons-util-0.3.0.jar:/Users/awesome/Documents/back_rep/repository/com/netflix/ribbon/ribbon-loadbalancer/2.3.0/ribbon-loadbalancer-2.3.0.jar:/Users/awesome/Documents/back_rep/repository/com/netflix/netflix-commons/netflix-statistics/0.1.1/netflix-statistics-0.1.1.jar:/Users/awesome/Documents/back_rep/repository/io/reactivex/rxjava/1.3.8/rxjava-1.3.8.jar:/Users/awesome/Documents/back_rep/repository/redis/clients/jedis/2.9.3/jedis-2.9.3.jar:/Users/awesome/Documents/back_rep/repository/org/slf4j/slf4j-api/1.7.26/slf4j-api-1.7.26.jar:/Users/awesome/Documents/back_rep/repository/org/apache/commons/commons-pool2/2.6.1/commons-pool2-2.6.1.jar:"/>
    <property name="sun.cpu.endian" value="little"/>
    <property name="user.home" value="/Users/awesome"/>
    <property name="user.language" value="zh"/>
    <property name="java.specification.vendor" value="Oracle Corporation"/>
    <property name="java.home" value="/Library/Java/JavaVirtualMachines/jdk1.8.0_171.jdk/Contents/Home/jre"/>
    <property name="basedir" value="/Users/awesome/Documents/working/code/new_im_cloud/imcloud/im-tcp-gateway"/>
    <property name="https.proxyHost" value="127.0.0.1"/>
    <property name="file.separator" value="/"/>
    <property name="line.separator" value="&#10;"/>
    <property name="java.vm.specification.vendor" value="Oracle Corporation"/>
    <property name="java.specification.name" value="Java Platform API Specification"/>
    <property name="java.awt.graphicsenv" value="sun.awt.CGraphicsEnvironment"/>
    <property name="surefire.real.class.path" value="/Users/awesome/Documents/working/code/new_im_cloud/imcloud/im-tcp-gateway/target/surefire/surefirebooter6688797362078436923.jar"/>
    <property name="sun.boot.class.path" value="/Library/Java/JavaVirtualMachines/jdk1.8.0_171.jdk/Contents/Home/jre/lib/resources.jar:/Library/Java/JavaVirtualMachines/jdk1.8.0_171.jdk/Contents/Home/jre/lib/rt.jar:/Library/Java/JavaVirtualMachines/jdk1.8.0_171.jdk/Contents/Home/jre/lib/sunrsasign.jar:/Library/Java/JavaVirtualMachines/jdk1.8.0_171.jdk/Contents/Home/jre/lib/jsse.jar:/Library/Java/JavaVirtualMachines/jdk1.8.0_171.jdk/Contents/Home/jre/lib/jce.jar:/Library/Java/JavaVirtualMachines/jdk1.8.0_171.jdk/Contents/Home/jre/lib/charsets.jar:/Library/Java/JavaVirtualMachines/jdk1.8.0_171.jdk/Contents/Home/jre/lib/jfr.jar:/Library/Java/JavaVirtualMachines/jdk1.8.0_171.jdk/Contents/Home/jre/classes"/>
    <property name="sun.management.compiler" value="HotSpot 64-Bit Tiered Compilers"/>
    <property name="ftp.nonProxyHosts" value="127.0.0.1|localhost|*.localhost"/>
    <property name="java.runtime.version" value="1.8.0_171-b11"/>
    <property name="user.name" value="awesome"/>
    <property name="path.separator" value=":"/>
    <property name="os.version" value="10.14.5"/>
    <property name="java.endorsed.dirs" value="/Library/Java/JavaVirtualMachines/jdk1.8.0_171.jdk/Contents/Home/jre/lib/endorsed"/>
    <property name="java.runtime.name" value="Java(TM) SE Runtime Environment"/>
    <property name="file.encoding" value="UTF-8"/>
    <property name="java.vm.name" value="Java HotSpot(TM) 64-Bit Server VM"/>
    <property name="localRepository" value="/Users/awesome/Documents/back_rep/repository"/>
    <property name="java.vendor.url.bug" value="http://bugreport.sun.com/bugreport/"/>
    <property name="java.io.tmpdir" value="/var/folders/gr/3t4wfbw96g149w21k81wzp300000gn/T/"/>
    <property name="idea.version" value="2018.2.2"/>
    <property name="java.version" value="1.8.0_171"/>
    <property name="user.dir" value="/Users/awesome/Documents/working/code/new_im_cloud/imcloud/im-tcp-gateway"/>
    <property name="os.arch" value="x86_64"/>
    <property name="socksProxyPort" value="1086"/>
    <property name="java.vm.specification.name" value="Java Virtual Machine Specification"/>
    <property name="java.awt.printerjob" value="sun.lwawt.macosx.CPrinterJob"/>
    <property name="sun.os.patch.level" value="unknown"/>
    <property name="java.library.path" value="/Users/awesome/Library/Java/Extensions:/Library/Java/Extensions:/Network/Library/Java/Extensions:/System/Library/Java/Extensions:/usr/lib/java:."/>
    <property name="java.vm.info" value="mixed mode"/>
    <property name="java.vendor" value="Oracle Corporation"/>
    <property name="java.vm.version" value="25.171-b11"/>
    <property name="java.ext.dirs" value="/Users/awesome/Library/Java/Extensions:/Library/Java/JavaVirtualMachines/jdk1.8.0_171.jdk/Contents/Home/jre/lib/ext:/Library/Java/Extensions:/Network/Library/Java/Extensions:/System/Library/Java/Extensions:/usr/lib/java"/>
    <property name="sun.io.unicode.encoding" value="UnicodeBig"/>
    <property name="java.class.version" value="52.0"/>
    <property name="socksNonProxyHosts" value="127.0.0.1|localhost|*.localhost"/>
    <property name="http.proxyPort" value="1087"/>
  </properties>
</testsuite>