<?xml version="1.0" encoding="UTF-8"?>
<testsuite xmlns:xsi="http://www.w3.org/2001/XMLSchema-instance" xsi:noNamespaceSchemaLocation="https://maven.apache.org/surefire/maven-surefire-plugin/xsd/surefire-test-report.xsd" name="com.im.test.DispatherNettyServerTest" time="0" tests="0" errors="0" skipped="0" failures="0">
  <properties>
    <property name="gopherProxySet" value="false"/>
    <property name="awt.toolkit" value="sun.lwawt.macosx.LWCToolkit"/>
    <property name="socksProxyHost" value="127.0.0.1"/>
    <property name="http.proxyHost" value="127.0.0.1"/>
    <property name="java.specification.version" value="1.8"/>
    <property name="file.encoding.pkg" value="sun.io"/>
    <property name="sun.cpu.isalist" value=""/>
    <property name="sun.jnu.encoding" value="UTF-8"/>
    <property name="java.class.path" value="/Users/awesome/Documents/working/code/new_im_cloud/imcloud/im-dispatcher/target/test-classes:/Users/awesome/Documents/working/code/new_im_cloud/imcloud/im-dispatcher/target/classes:/Users/awesome/Documents/back_rep/repository/io/netty/netty-all/4.1.40.Final/netty-all-4.1.40.Final.jar:/Users/awesome/Documents/back_rep/repository/org/projectlombok/lombok/1.18.6/lombok-1.18.6.jar:/Users/awesome/Documents/back_rep/repository/cn/hutool/hutool-all/5.0.4/hutool-all-5.0.4.jar:/Users/awesome/Documents/back_rep/repository/org/apache/curator/curator-recipes/2.7.0/curator-recipes-2.7.0.jar:/Users/awesome/Documents/back_rep/repository/org/apache/curator/curator-framework/4.0.1/curator-framework-4.0.1.jar:/Users/awesome/Documents/back_rep/repository/org/apache/curator/curator-client/4.0.1/curator-client-4.0.1.jar:/Users/awesome/Documents/back_rep/repository/org/apache/zookeeper/zookeeper/3.4.6/zookeeper-3.4.6.jar:/Users/awesome/Documents/back_rep/repository/org/slf4j/slf4j-api/1.7.26/slf4j-api-1.7.26.jar:/Users/awesome/Documents/back_rep/repository/jline/jline/0.9.94/jline-0.9.94.jar:/Users/awesome/Documents/back_rep/repository/com/google/guava/guava/16.0.1/guava-16.0.1.jar:/Users/awesome/Documents/back_rep/repository/org/apache/curator/curator-test/2.7.0/curator-test-2.7.0.jar:/Users/awesome/Documents/back_rep/repository/org/javassist/javassist/3.18.1-GA/javassist-3.18.1-GA.jar:/Users/awesome/Documents/back_rep/repository/org/apache/commons/commons-math/2.2/commons-math-2.2.jar:/Users/awesome/Documents/back_rep/repository/org/apache/curator/curator-x-discovery/2.7.0/curator-x-discovery-2.7.0.jar:/Users/awesome/Documents/back_rep/repository/org/codehaus/jackson/jackson-mapper-asl/1.9.13/jackson-mapper-asl-1.9.13.jar:/Users/awesome/Documents/back_rep/repository/org/codehaus/jackson/jackson-core-asl/1.9.13/jackson-core-asl-1.9.13.jar:/Users/awesome/Documents/back_rep/repository/com/fasterxml/jackson/core/jackson-databind/2.9.2/jackson-databind-2.9.2.jar:/Users/awesome/Documents/back_rep/repository/com/fasterxml/jackson/core/jackson-annotations/2.9.0/jackson-annotations-2.9.0.jar:/Users/awesome/Documents/back_rep/repository/com/fasterxml/jackson/core/jackson-core/2.9.8/jackson-core-2.9.8.jar:/Users/awesome/Documents/working/code/new_im_cloud/imcloud/im-protocol/target/im-protocol-1.0-SNAPSHOT.jar:/Users/awesome/Documents/back_rep/repository/com/google/protobuf/protobuf-java/3.3.0/protobuf-java-3.3.0.jar:/Users/awesome/Documents/working/code/new_im_cloud/imcloud/im-common/target/im-common-1.0-SNAPSHOT.jar:"/>
    <property name="https.proxyPort" value="1087"/>
    <property name="java.vm.vendor" value="Oracle Corporation"/>
    <property name="sun.arch.data.model" value="64"/>
    <property name="java.vendor.url" value="http://java.oracle.com/"/>
    <property name="user.timezone" value=""/>
    <property name="java.vm.specification.version" value="1.8"/>
    <property name="os.name" value="Mac OS X"/>
    <property name="user.country" value="CN"/>
    <property name="sun.java.launcher" value="SUN_STANDARD"/>
    <property name="sun.boot.library.path" value="/Library/Java/JavaVirtualMachines/jdk1.8.0_171.jdk/Contents/Home/jre/lib"/>
    <property name="sun.java.command" value="/Users/awesome/Documents/working/code/new_im_cloud/imcloud/im-dispatcher/target/surefire/surefirebooter5246908207210007262.jar /Users/awesome/Documents/working/code/new_im_cloud/imcloud/im-dispatcher/target/surefire 2019-12-15T20-18-01_142-jvmRun1 surefire516595196764957129tmp surefire_27386397579609317493tmp"/>
    <property name="http.nonProxyHosts" value="127.0.0.1|localhost|*.localhost"/>
    <property name="surefire.test.class.path" value="/Users/awesome/Documents/working/code/new_im_cloud/imcloud/im-dispatcher/target/test-classes:/Users/awesome/Documents/working/code/new_im_cloud/imcloud/im-dispatcher/target/classes:/Users/awesome/Documents/back_rep/repository/io/netty/netty-all/4.1.40.Final/netty-all-4.1.40.Final.jar:/Users/awesome/Documents/back_rep/repository/org/projectlombok/lombok/1.18.6/lombok-1.18.6.jar:/Users/awesome/Documents/back_rep/repository/cn/hutool/hutool-all/5.0.4/hutool-all-5.0.4.jar:/Users/awesome/Documents/back_rep/repository/org/apache/curator/curator-recipes/2.7.0/curator-recipes-2.7.0.jar:/Users/awesome/Documents/back_rep/repository/org/apache/curator/curator-framework/4.0.1/curator-framework-4.0.1.jar:/Users/awesome/Documents/back_rep/repository/org/apache/curator/curator-client/4.0.1/curator-client-4.0.1.jar:/Users/awesome/Documents/back_rep/repository/org/apache/zookeeper/zookeeper/3.4.6/zookeeper-3.4.6.jar:/Users/awesome/Documents/back_rep/repository/org/slf4j/slf4j-api/1.7.26/slf4j-api-1.7.26.jar:/Users/awesome/Documents/back_rep/repository/jline/jline/0.9.94/jline-0.9.94.jar:/Users/awesome/Documents/back_rep/repository/com/google/guava/guava/16.0.1/guava-16.0.1.jar:/Users/awesome/Documents/back_rep/repository/org/apache/curator/curator-test/2.7.0/curator-test-2.7.0.jar:/Users/awesome/Documents/back_rep/repository/org/javassist/javassist/3.18.1-GA/javassist-3.18.1-GA.jar:/Users/awesome/Documents/back_rep/repository/org/apache/commons/commons-math/2.2/commons-math-2.2.jar:/Users/awesome/Documents/back_rep/repository/org/apache/curator/curator-x-discovery/2.7.0/curator-x-discovery-2.7.0.jar:/Users/awesome/Documents/back_rep/repository/org/codehaus/jackson/jackson-mapper-asl/1.9.13/jackson-mapper-asl-1.9.13.jar:/Users/awesome/Documents/back_rep/repository/org/codehaus/jackson/jackson-core-asl/1.9.13/jackson-core-asl-1.9.13.jar:/Users/awesome/Documents/back_rep/repository/com/fasterxml/jackson/core/jackson-databind/2.9.2/jackson-databind-2.9.2.jar:/Users/awesome/Documents/back_rep/repository/com/fasterxml/jackson/core/jackson-annotations/2.9.0/jackson-annotations-2.9.0.jar:/Users/awesome/Documents/back_rep/repository/com/fasterxml/jackson/core/jackson-core/2.9.8/jackson-core-2.9.8.jar:/Users/awesome/Documents/working/code/new_im_cloud/imcloud/im-protocol/target/im-protocol-1.0-SNAPSHOT.jar:/Users/awesome/Documents/back_rep/repository/com/google/protobuf/protobuf-java/3.3.0/protobuf-java-3.3.0.jar:/Users/awesome/Documents/working/code/new_im_cloud/imcloud/im-common/target/im-common-1.0-SNAPSHOT.jar:"/>
    <property name="sun.cpu.endian" value="little"/>
    <property name="user.home" value="/Users/awesome"/>
    <property name="user.language" value="zh"/>
    <property name="java.specification.vendor" value="Oracle Corporation"/>
    <property name="java.home" value="/Library/Java/JavaVirtualMachines/jdk1.8.0_171.jdk/Contents/Home/jre"/>
    <property name="basedir" value="/Users/awesome/Documents/working/code/new_im_cloud/imcloud/im-dispatcher"/>
    <property name="https.proxyHost" value="127.0.0.1"/>
    <property name="file.separator" value="/"/>
    <property name="line.separator" value="&#10;"/>
    <property name="java.vm.specification.vendor" value="Oracle Corporation"/>
    <property name="java.specification.name" value="Java Platform API Specification"/>
    <property name="java.awt.graphicsenv" value="sun.awt.CGraphicsEnvironment"/>
    <property name="surefire.real.class.path" value="/Users/awesome/Documents/working/code/new_im_cloud/imcloud/im-dispatcher/target/surefire/surefirebooter5246908207210007262.jar"/>
    <property name="sun.boot.class.path" value="/Library/Java/JavaVirtualMachines/jdk1.8.0_171.jdk/Contents/Home/jre/lib/resources.jar:/Library/Java/JavaVirtualMachines/jdk1.8.0_171.jdk/Contents/Home/jre/lib/rt.jar:/Library/Java/JavaVirtualMachines/jdk1.8.0_171.jdk/Contents/Home/jre/lib/sunrsasign.jar:/Library/Java/JavaVirtualMachines/jdk1.8.0_171.jdk/Contents/Home/jre/lib/jsse.jar:/Library/Java/JavaVirtualMachines/jdk1.8.0_171.jdk/Contents/Home/jre/lib/jce.jar:/Library/Java/JavaVirtualMachines/jdk1.8.0_171.jdk/Contents/Home/jre/lib/charsets.jar:/Library/Java/JavaVirtualMachines/jdk1.8.0_171.jdk/Contents/Home/jre/lib/jfr.jar:/Library/Java/JavaVirtualMachines/jdk1.8.0_171.jdk/Contents/Home/jre/classes"/>
    <property name="sun.management.compiler" value="HotSpot 64-Bit Tiered Compilers"/>
    <property name="ftp.nonProxyHosts" value="127.0.0.1|localhost|*.localhost"/>
    <property name="java.runtime.version" value="1.8.0_171-b11"/>
    <property name="user.name" value="awesome"/>
    <property name="path.separator" value=":"/>
    <property name="os.version" value="10.14.5"/>
    <property name="java.endorsed.dirs" value="/Library/Java/JavaVirtualMachines/jdk1.8.0_171.jdk/Contents/Home/jre/lib/endorsed"/>
    <property name="java.runtime.name" value="Java(TM) SE Runtime Environment"/>
    <property name="file.encoding" value="UTF-8"/>
    <property name="java.vm.name" value="Java HotSpot(TM) 64-Bit Server VM"/>
    <property name="localRepository" value="/Users/awesome/Documents/back_rep/repository"/>
    <property name="java.vendor.url.bug" value="http://bugreport.sun.com/bugreport/"/>
    <property name="java.io.tmpdir" value="/var/folders/gr/3t4wfbw96g149w21k81wzp300000gn/T/"/>
    <property name="idea.version" value="2018.2.2"/>
    <property name="java.version" value="1.8.0_171"/>
    <property name="user.dir" value="/Users/awesome/Documents/working/code/new_im_cloud/imcloud/im-dispatcher"/>
    <property name="os.arch" value="x86_64"/>
    <property name="socksProxyPort" value="1086"/>
    <property name="java.vm.specification.name" value="Java Virtual Machine Specification"/>
    <property name="java.awt.printerjob" value="sun.lwawt.macosx.CPrinterJob"/>
    <property name="sun.os.patch.level" value="unknown"/>
    <property name="java.library.path" value="/Users/awesome/Library/Java/Extensions:/Library/Java/Extensions:/Network/Library/Java/Extensions:/System/Library/Java/Extensions:/usr/lib/java:."/>
    <property name="java.vm.info" value="mixed mode"/>
    <property name="java.vendor" value="Oracle Corporation"/>
    <property name="java.vm.version" value="25.171-b11"/>
    <property name="java.ext.dirs" value="/Users/awesome/Library/Java/Extensions:/Library/Java/JavaVirtualMachines/jdk1.8.0_171.jdk/Contents/Home/jre/lib/ext:/Library/Java/Extensions:/Network/Library/Java/Extensions:/System/Library/Java/Extensions:/usr/lib/java"/>
    <property name="sun.io.unicode.encoding" value="UnicodeBig"/>
    <property name="java.class.version" value="52.0"/>
    <property name="socksNonProxyHosts" value="127.0.0.1|localhost|*.localhost"/>
    <property name="http.proxyPort" value="1087"/>
  </properties>
</testsuite>